<?xml version="1.0" encoding="UTF-8"?>
<!-- Generated by org.testng.reporters.JUnitReportReporter -->
<testsuite hostname="LAPTOP-OJB47ORE" name="ToolsQA_Mvn.DemoToolsQA.NewTestSecond" tests="2" failures="0" timestamp="11 Sep 2018 20:30:46 GMT" time="81.436" errors="0">
  <testcase name="launchURL" time="81.345" classname="ToolsQA_Mvn.DemoToolsQA.NewTestSecond"/>
  <testcase name="continueTest" time="0.091" classname="ToolsQA_Mvn.DemoToolsQA.NewTestSecond"/>
</testsuite> <!-- ToolsQA_Mvn.DemoToolsQA.NewTestSecond -->
