<?xml version="1.0" encoding="UTF-8"?>
<!-- Generated by org.testng.reporters.JUnitReportReporter -->
<testsuite hostname="LAPTOP-OJB47ORE" name="ToolsQA_Mvn.DemoToolsQA.NewTestSecond" tests="2" failures="0" timestamp="11 Sep 2018 20:06:35 GMT" time="83.801" errors="0">
  <testcase name="launchURL" time="81.366" classname="ToolsQA_Mvn.DemoToolsQA.NewTestSecond"/>
  <testcase name="continueTest" time="2.435" classname="ToolsQA_Mvn.DemoToolsQA.NewTestSecond"/>
</testsuite> <!-- ToolsQA_Mvn.DemoToolsQA.NewTestSecond -->
