<?xml version="1.0" encoding="UTF-8"?>
<!-- Generated by org.testng.reporters.JUnitReportReporter -->
<testsuite hostname="LAPTOP-OJB47ORE" name="ToolsQA_Mvn.DemoToolsQA.NewTestFirst" tests="1" failures="0" timestamp="12 Sep 2018 18:55:18 GMT" time="0.039" errors="0">
  <testcase name="exampleOfTestNgMaven" time="0.039" classname="ToolsQA_Mvn.DemoToolsQA.NewTestFirst"/>
</testsuite> <!-- ToolsQA_Mvn.DemoToolsQA.NewTestFirst -->
