<?xml version="1.0" encoding="UTF-8"?>
<!-- Generated by org.testng.reporters.JUnitReportReporter -->
<testsuite hostname="LT092077" name="ToolsQA_Mvn.DemoToolsQA.NewTestFirst" tests="1" failures="0" timestamp="2 Oct 2018 19:32:12 GMT" time="0.000" errors="0">
  <testcase name="exampleOfTestNgMaven" time="0.000" classname="ToolsQA_Mvn.DemoToolsQA.NewTestFirst"/>
</testsuite> <!-- ToolsQA_Mvn.DemoToolsQA.NewTestFirst -->
