<?xml version="1.0" encoding="UTF-8"?>
<!-- Generated by org.testng.reporters.JUnitReportReporter -->
<testsuite hostname="LT092077" name="ToolsQA_Mvn.DemoToolsQA.NewTestSecond" tests="2" failures="0" timestamp="3 Oct 2018 08:06:39 GMT" time="12.613" errors="0">
  <testcase name="launchURL" time="10.947" classname="ToolsQA_Mvn.DemoToolsQA.NewTestSecond"/>
  <testcase name="continueTest" time="1.666" classname="ToolsQA_Mvn.DemoToolsQA.NewTestSecond"/>
</testsuite> <!-- ToolsQA_Mvn.DemoToolsQA.NewTestSecond -->
